<?xml version="1.0" ?>
<!DOCTYPE coverage
  SYSTEM 'http://cobertura.sourceforge.net/xml/coverage-03.dtd'>
<coverage branch-rate="0.420115374969" line-rate="0.892785571142"
 timestamp="1447383949" version="gcovr 3.2">
 <sources>
  <source>../</source>
 </sources>
 <packages>
  <package branch-rate="0.522727272727" complexity="0.0"
   line-rate="0.963855421687" name="geometry">
   <classes>
    <class branch-rate="0.0" complexity="0.0" filename="geometry/Angle2D.h"
     line-rate="1.0" name="Angle2D_h">
     <methods/>
     <lines>
      <line branch="false" hits="2" number="39"/>
     </lines>
    </class>
    <class branch-rate="0.428571428571" complexity="0.0"
     filename="geometry/Body2D.h" line-rate="0.95" name="Body2D_h">
     <methods/>
     <lines>
      <line branch="false" hits="1" number="132"/>
      <line branch="true" condition-coverage="33% (2/6)" hits="1"
       number="135">
       <conditions>
        <condition coverage="33%" number="0" type="jump"/>
       </conditions>
      </line>
      <line branch="true" condition-coverage="50% (1/2)" hits="1"
       number="136">
       <conditions>
        <condition coverage="50%" number="0" type="jump"/>
       </conditions>
      </line>
      <line branch="true" condition-coverage="0% (0/2)" hits="0" number="137">
       <conditions>
        <condition coverage="0%" number="0" type="jump"/>
       </conditions>
      </line>
      <line branch="false" hits="0" number="138"/>
      <line branch="true" condition-coverage="50% (2/4)" hits="1"
       number="141">
       <conditions>
        <condition coverage="50%" number="0" type="jump"/>
       </conditions>
      </line>
      <line branch="false" hits="1" number="142"/>
      <line branch="false" hits="1" number="143"/>
      <line branch="false" hits="1" number="146"/>
      <line branch="false" hits="1" number="147"/>
      <line branch="false" hits="1" number="148"/>
      <line branch="false" hits="1" number="149"/>
      <line branch="false" hits="1" number="151"/>
      <line branch="false" hits="2" number="53"/>
      <line branch="false" hits="2" number="56"/>
      <line branch="true" condition-coverage="50% (2/4)" hits="2" number="58">
       <conditions>
        <condition coverage="50%" number="0" type="jump"/>
       </conditions>
      </line>
      <line branch="false" hits="2" number="59"/>
      <line branch="false" hits="1" number="60"/>
      <line branch="true" condition-coverage="50% (1/2)" hits="1" number="62">
       <conditions>
        <condition coverage="50%" number="0" type="jump"/>
       </conditions>
      </line>
      <line branch="true" condition-coverage="50% (1/2)" hits="1" number="63">
       <conditions>
        <condition coverage="50%" number="0" type="jump"/>
       </conditions>
      </line>
      <line branch="false" hits="1" number="64"/>
      <line branch="true" condition-coverage="50% (1/2)" hits="1" number="66">
       <conditions>
        <condition coverage="50%" number="0" type="jump"/>
       </conditions>
      </line>
      <line branch="false" hits="1" number="67"/>
      <line branch="false" hits="1" number="68"/>
      <line branch="false" hits="2" number="82"/>
      <line branch="false" hits="2" number="103"/>
      <line branch="false" hits="2" number="104"/>
      <line branch="false" hits="2" number="105"/>
      <line branch="false" hits="2" number="106"/>
      <line branch="false" hits="1" number="110"/>
      <line branch="false" hits="1" number="111"/>
      <line branch="false" hits="1" number="112"/>
      <line branch="false" hits="8" number="116"/>
      <line branch="false" hits="8" number="117"/>
      <line branch="false" hits="2" number="119"/>
      <line branch="true" condition-coverage="50% (1/2)" hits="2"
       number="120">
       <conditions>
        <condition coverage="50%" number="0" type="jump"/>
       </conditions>
      </line>
      <line branch="false" hits="2" number="121"/>
      <line branch="false" hits="4" number="123"/>
      <line branch="true" condition-coverage="50% (1/2)" hits="4"
       number="124">
       <conditions>
        <condition coverage="50%" number="0" type="jump"/>
       </conditions>
      </line>
      <line branch="false" hits="4" number="125"/>
     </lines>
    </class>
    <class branch-rate="0.0" complexity="0.0" filename="geometry/Circle2D.h"
     line-rate="1.0" name="Circle2D_h">
     <methods/>
     <lines>
      <line branch="false" hits="1" number="38"/>
      <line branch="false" hits="2" number="40"/>
      <line branch="false" hits="2" number="41"/>
      <line branch="false" hits="2" number="43"/>
      <line branch="false" hits="2" number="44"/>
      <line branch="false" hits="2" number="45"/>
      <line branch="false" hits="7" number="17"/>
      <line branch="false" hits="2" number="23"/>
      <line branch="false" hits="2" number="25"/>
      <line branch="false" hits="7" number="30"/>
      <line branch="false" hits="2" number="31"/>
     </lines>
    </class>
    <class branch-rate="0.6875" complexity="0.0" filename="geometry/Point2D.h"
     line-rate="0.967741935484" name="Point2D_h">
     <methods/>
     <lines>
      <line branch="false" hits="19" number="27"/>
      <line branch="false" hits="8" number="28"/>
      <line branch="false" hits="19" number="29"/>
      <line branch="false" hits="1" number="30"/>
      <line branch="false" hits="1" number="31"/>
      <line branch="false" hits="1" number="32"/>
      <line branch="false" hits="1" number="33"/>
      <line branch="false" hits="1" number="34"/>
      <line branch="false" hits="42" number="35"/>
      <line branch="true" condition-coverage="50% (2/4)" hits="6" number="38">
       <conditions>
        <condition coverage="50%" number="0" type="jump"/>
       </conditions>
      </line>
      <line branch="true" condition-coverage="25% (1/4)" hits="1" number="39">
       <conditions>
        <condition coverage="25%" number="0" type="jump"/>
       </conditions>
      </line>
      <line branch="false" hits="1" number="41"/>
      <line branch="false" hits="0" number="42"/>
      <line branch="false" hits="1" number="43"/>
      <line branch="false" hits="1" number="44"/>
      <line branch="false" hits="3" number="45"/>
      <line branch="false" hits="12" number="48"/>
      <line branch="true" condition-coverage="100% (4/4)" hits="4"
       number="49">
       <conditions>
        <condition coverage="100%" number="0" type="jump"/>
       </conditions>
      </line>
      <line branch="true" condition-coverage="100% (4/4)" hits="4"
       number="50">
       <conditions>
        <condition coverage="100%" number="0" type="jump"/>
       </conditions>
      </line>
      <line branch="false" hits="2" number="53"/>
      <line branch="false" hits="1" number="54"/>
      <line branch="false" hits="1" number="55"/>
      <line branch="false" hits="1" number="56"/>
      <line branch="false" hits="1" number="58"/>
      <line branch="false" hits="2" number="66"/>
      <line branch="false" hits="5" number="76"/>
      <line branch="false" hits="4" number="89"/>
      <line branch="false" hits="4" number="90"/>
      <line branch="false" hits="4" number="91"/>
      <line branch="false" hits="4" number="92"/>
      <line branch="false" hits="2" number="95"/>
     </lines>
    </class>
   </classes>
  </package>
  <package branch-rate="0.684210526316" complexity="0.0" line-rate="1.0"
   name="scholar">
   <classes>
    <class branch-rate="0.684210526316" complexity="0.0"
     filename="scholar/Author.h" line-rate="1.0" name="Author_h">
     <methods/>
     <lines>
      <line branch="false" hits="7" number="23"/>
      <line branch="true" condition-coverage="50% (2/4)" hits="7" number="24">
       <conditions>
        <condition coverage="50%" number="0" type="jump"/>
       </conditions>
      </line>
      <line branch="false" hits="1" number="25"/>
      <line branch="true" condition-coverage="50% (1/2)" hits="1" number="26">
       <conditions>
        <condition coverage="50%" number="0" type="jump"/>
       </conditions>
      </line>
      <line branch="false" hits="1" number="27"/>
      <line branch="true" condition-coverage="50% (1/2)" hits="1" number="28">
       <conditions>
        <condition coverage="50%" number="0" type="jump"/>
       </conditions>
      </line>
      <line branch="false" hits="9" number="30"/>
      <line branch="false" hits="1" number="33"/>
      <line branch="true" condition-coverage="50% (1/2)" hits="2" number="34">
       <conditions>
        <condition coverage="50%" number="0" type="jump"/>
       </conditions>
      </line>
      <line branch="true" condition-coverage="50% (2/4)" hits="2" number="35">
       <conditions>
        <condition coverage="50%" number="0" type="jump"/>
       </conditions>
      </line>
      <line branch="false" hits="2" number="36"/>
      <line branch="false" hits="14" number="39"/>
      <line branch="true" condition-coverage="100% (2/2)" hits="14"
       number="40">
       <conditions>
        <condition coverage="100%" number="0" type="jump"/>
       </conditions>
      </line>
      <line branch="true" condition-coverage="100% (2/2)" hits="9"
       number="41">
       <conditions>
        <condition coverage="100%" number="0" type="jump"/>
       </conditions>
      </line>
      <line branch="false" hits="5" number="42"/>
      <line branch="false" hits="9" number="44"/>
      <line branch="false" hits="4" number="46"/>
      <line branch="false" hits="3" number="49"/>
      <line branch="false" hits="3" number="50"/>
      <line branch="false" hits="4" number="55"/>
      <line branch="false" hits="4" number="56"/>
      <line branch="true" condition-coverage="87% (7/8)" hits="4" number="57">
       <conditions>
        <condition coverage="87%" number="0" type="jump"/>
       </conditions>
      </line>
      <line branch="true" condition-coverage="50% (1/2)" hits="4" number="58">
       <conditions>
        <condition coverage="50%" number="0" type="jump"/>
       </conditions>
      </line>
      <line branch="true" condition-coverage="75% (6/8)" hits="4" number="59">
       <conditions>
        <condition coverage="75%" number="0" type="jump"/>
       </conditions>
      </line>
      <line branch="true" condition-coverage="50% (1/2)" hits="4" number="60">
       <conditions>
        <condition coverage="50%" number="0" type="jump"/>
       </conditions>
      </line>
      <line branch="false" hits="4" number="61"/>
     </lines>
    </class>
   </classes>
  </package>
  <package branch-rate="0.415652173913" complexity="0.0" line-rate="1.0"
   name="tests">
   <classes>
    <class branch-rate="0.405128205128" complexity="0.0"
     filename="tests/test_geometry.cc" line-rate="1.0"
     name="test_geometry_cc">
     <methods/>
     <lines>
      <line branch="true" condition-coverage="50% (2/4)" hits="2" number="8">
       <conditions>
        <condition coverage="50%" number="0" type="jump"/>
       </conditions>
      </line>
      <line branch="true" condition-coverage="50% (1/2)" hits="2" number="10">
       <conditions>
        <condition coverage="50%" number="0" type="jump"/>
       </conditions>
      </line>
      <line branch="true" condition-coverage="50% (1/2)" hits="2" number="11">
       <conditions>
        <condition coverage="50%" number="0" type="jump"/>
       </conditions>
      </line>
      <line branch="false" hits="2" number="16"/>
      <line branch="false" hits="2" number="17"/>
      <line branch="true" condition-coverage="50% (1/2)" hits="1" number="19">
       <conditions>
        <condition coverage="50%" number="0" type="jump"/>
       </conditions>
      </line>
      <line branch="true" condition-coverage="40% (9/22)" hits="1"
       number="21">
       <conditions>
        <condition coverage="40%" number="0" type="jump"/>
       </conditions>
      </line>
      <line branch="true" condition-coverage="50% (1/2)" hits="1" number="23">
       <conditions>
        <condition coverage="50%" number="0" type="jump"/>
       </conditions>
      </line>
      <line branch="true" condition-coverage="40% (9/22)" hits="1"
       number="25">
       <conditions>
        <condition coverage="40%" number="0" type="jump"/>
       </conditions>
      </line>
      <line branch="true" condition-coverage="50% (1/2)" hits="1" number="30">
       <conditions>
        <condition coverage="50%" number="0" type="jump"/>
       </conditions>
      </line>
      <line branch="true" condition-coverage="38% (7/18)" hits="1"
       number="33">
       <conditions>
        <condition coverage="38%" number="0" type="jump"/>
       </conditions>
      </line>
      <line branch="true" condition-coverage="38% (7/18)" hits="1"
       number="34">
       <conditions>
        <condition coverage="38%" number="0" type="jump"/>
       </conditions>
      </line>
      <line branch="true" condition-coverage="40% (8/20)" hits="1"
       number="35">
       <conditions>
        <condition coverage="40%" number="0" type="jump"/>
       </conditions>
      </line>
      <line branch="true" condition-coverage="40% (8/20)" hits="1"
       number="36">
       <conditions>
        <condition coverage="40%" number="0" type="jump"/>
       </conditions>
      </line>
      <line branch="true" condition-coverage="40% (8/20)" hits="1"
       number="37">
       <conditions>
        <condition coverage="40%" number="0" type="jump"/>
       </conditions>
      </line>
      <line branch="true" condition-coverage="40% (8/20)" hits="1"
       number="38">
       <conditions>
        <condition coverage="40%" number="0" type="jump"/>
       </conditions>
      </line>
      <line branch="true" condition-coverage="40% (8/20)" hits="1"
       number="40">
       <conditions>
        <condition coverage="40%" number="0" type="jump"/>
       </conditions>
      </line>
      <line branch="true" condition-coverage="40% (8/20)" hits="1"
       number="41">
       <conditions>
        <condition coverage="40%" number="0" type="jump"/>
       </conditions>
      </line>
      <line branch="false" hits="1" number="42"/>
      <line branch="true" condition-coverage="50% (2/4)" hits="2" number="45">
       <conditions>
        <condition coverage="50%" number="0" type="jump"/>
       </conditions>
      </line>
      <line branch="false" hits="2" number="48"/>
      <line branch="true" condition-coverage="50% (1/2)" hits="2" number="50">
       <conditions>
        <condition coverage="50%" number="0" type="jump"/>
       </conditions>
      </line>
      <line branch="true" condition-coverage="50% (1/2)" hits="2" number="51">
       <conditions>
        <condition coverage="50%" number="0" type="jump"/>
       </conditions>
      </line>
      <line branch="true" condition-coverage="50% (1/2)" hits="2" number="52">
       <conditions>
        <condition coverage="50%" number="0" type="jump"/>
       </conditions>
      </line>
      <line branch="true" condition-coverage="40% (9/22)" hits="1"
       number="54">
       <conditions>
        <condition coverage="40%" number="0" type="jump"/>
       </conditions>
      </line>
      <line branch="true" condition-coverage="40% (9/22)" hits="1"
       number="55">
       <conditions>
        <condition coverage="40%" number="0" type="jump"/>
       </conditions>
      </line>
      <line branch="false" hits="2" number="58"/>
      <line branch="true" condition-coverage="40% (9/22)" hits="1"
       number="59">
       <conditions>
        <condition coverage="40%" number="0" type="jump"/>
       </conditions>
      </line>
      <line branch="true" condition-coverage="40% (9/22)" hits="1"
       number="60">
       <conditions>
        <condition coverage="40%" number="0" type="jump"/>
       </conditions>
      </line>
      <line branch="false" hits="1" number="61"/>
      <line branch="true" condition-coverage="50% (2/4)" hits="2" number="64">
       <conditions>
        <condition coverage="50%" number="0" type="jump"/>
       </conditions>
      </line>
      <line branch="false" hits="2" number="67"/>
      <line branch="false" hits="2" number="68"/>
      <line branch="false" hits="2" number="69"/>
      <line branch="true" condition-coverage="50% (1/2)" hits="2" number="70">
       <conditions>
        <condition coverage="50%" number="0" type="jump"/>
       </conditions>
      </line>
      <line branch="false" hits="2" number="71"/>
      <line branch="true" condition-coverage="40% (8/20)" hits="1"
       number="73">
       <conditions>
        <condition coverage="40%" number="0" type="jump"/>
       </conditions>
      </line>
      <line branch="true" condition-coverage="40% (8/20)" hits="1"
       number="74">
       <conditions>
        <condition coverage="40%" number="0" type="jump"/>
       </conditions>
      </line>
      <line branch="true" condition-coverage="40% (8/20)" hits="1"
       number="75">
       <conditions>
        <condition coverage="40%" number="0" type="jump"/>
       </conditions>
      </line>
      <line branch="true" condition-coverage="40% (8/20)" hits="1"
       number="76">
       <conditions>
        <condition coverage="40%" number="0" type="jump"/>
       </conditions>
      </line>
      <line branch="true" condition-coverage="40% (8/20)" hits="1"
       number="79">
       <conditions>
        <condition coverage="40%" number="0" type="jump"/>
       </conditions>
      </line>
      <line branch="true" condition-coverage="40% (8/20)" hits="1"
       number="80">
       <conditions>
        <condition coverage="40%" number="0" type="jump"/>
       </conditions>
      </line>
      <line branch="true" condition-coverage="40% (8/20)" hits="1"
       number="81">
       <conditions>
        <condition coverage="40%" number="0" type="jump"/>
       </conditions>
      </line>
      <line branch="true" condition-coverage="50% (1/2)" hits="2" number="84">
       <conditions>
        <condition coverage="50%" number="0" type="jump"/>
       </conditions>
      </line>
      <line branch="false" hits="1" number="85"/>
      <line branch="false" hits="1" number="86"/>
      <line branch="false" hits="1" number="87"/>
      <line branch="true" condition-coverage="40% (8/20)" hits="1"
       number="89">
       <conditions>
        <condition coverage="40%" number="0" type="jump"/>
       </conditions>
      </line>
      <line branch="true" condition-coverage="40% (8/20)" hits="1"
       number="90">
       <conditions>
        <condition coverage="40%" number="0" type="jump"/>
       </conditions>
      </line>
      <line branch="true" condition-coverage="40% (8/20)" hits="1"
       number="91">
       <conditions>
        <condition coverage="40%" number="0" type="jump"/>
       </conditions>
      </line>
      <line branch="true" condition-coverage="40% (8/20)" hits="1"
       number="95">
       <conditions>
        <condition coverage="40%" number="0" type="jump"/>
       </conditions>
      </line>
      <line branch="true" condition-coverage="40% (8/20)" hits="1"
       number="96">
       <conditions>
        <condition coverage="40%" number="0" type="jump"/>
       </conditions>
      </line>
      <line branch="true" condition-coverage="40% (8/20)" hits="1"
       number="97">
       <conditions>
        <condition coverage="40%" number="0" type="jump"/>
       </conditions>
      </line>
      <line branch="true" condition-coverage="40% (8/20)" hits="1"
       number="98">
       <conditions>
        <condition coverage="40%" number="0" type="jump"/>
       </conditions>
      </line>
      <line branch="true" condition-coverage="40% (8/20)" hits="1"
       number="100">
       <conditions>
        <condition coverage="40%" number="0" type="jump"/>
       </conditions>
      </line>
      <line branch="true" condition-coverage="40% (8/20)" hits="1"
       number="101">
       <conditions>
        <condition coverage="40%" number="0" type="jump"/>
       </conditions>
      </line>
      <line branch="true" condition-coverage="40% (8/20)" hits="1"
       number="102">
       <conditions>
        <condition coverage="40%" number="0" type="jump"/>
       </conditions>
      </line>
      <line branch="true" condition-coverage="40% (8/20)" hits="1"
       number="103">
       <conditions>
        <condition coverage="40%" number="0" type="jump"/>
       </conditions>
      </line>
      <line branch="false" hits="1" number="107"/>
      <line branch="false" hits="1" number="108"/>
      <line branch="true" condition-coverage="40% (8/20)" hits="1"
       number="110">
       <conditions>
        <condition coverage="40%" number="0" type="jump"/>
       </conditions>
      </line>
      <line branch="true" condition-coverage="40% (8/20)" hits="1"
       number="111">
       <conditions>
        <condition coverage="40%" number="0" type="jump"/>
       </conditions>
      </line>
      <line branch="true" condition-coverage="40% (8/20)" hits="1"
       number="112">
       <conditions>
        <condition coverage="40%" number="0" type="jump"/>
       </conditions>
      </line>
      <line branch="true" condition-coverage="40% (8/20)" hits="1"
       number="113">
       <conditions>
        <condition coverage="40%" number="0" type="jump"/>
       </conditions>
      </line>
      <line branch="true" condition-coverage="40% (8/20)" hits="1"
       number="114">
       <conditions>
        <condition coverage="40%" number="0" type="jump"/>
       </conditions>
      </line>
      <line branch="false" hits="1" number="115"/>
     </lines>
    </class>
    <class branch-rate="0.417748917749" complexity="0.0"
     filename="tests/test_scholar.cc" line-rate="1.0" name="test_scholar_cc">
     <methods/>
     <lines>
      <line branch="true" condition-coverage="50% (2/4)" hits="2" number="3">
       <conditions>
        <condition coverage="50%" number="0" type="jump"/>
       </conditions>
      </line>
      <line branch="true" condition-coverage="50% (4/8)" hits="2" number="5">
       <conditions>
        <condition coverage="50%" number="0" type="jump"/>
       </conditions>
      </line>
      <line branch="true" condition-coverage="40% (9/22)" hits="1" number="6">
       <conditions>
        <condition coverage="40%" number="0" type="jump"/>
       </conditions>
      </line>
      <line branch="true" condition-coverage="50% (3/6)" hits="2" number="8">
       <conditions>
        <condition coverage="50%" number="0" type="jump"/>
       </conditions>
      </line>
      <line branch="true" condition-coverage="40% (9/22)" hits="1" number="9">
       <conditions>
        <condition coverage="40%" number="0" type="jump"/>
       </conditions>
      </line>
      <line branch="true" condition-coverage="50% (2/4)" hits="2" number="11">
       <conditions>
        <condition coverage="50%" number="0" type="jump"/>
       </conditions>
      </line>
      <line branch="true" condition-coverage="40% (9/22)" hits="1"
       number="12">
       <conditions>
        <condition coverage="40%" number="0" type="jump"/>
       </conditions>
      </line>
      <line branch="true" condition-coverage="50% (4/8)" hits="2" number="14">
       <conditions>
        <condition coverage="50%" number="0" type="jump"/>
       </conditions>
      </line>
      <line branch="true" condition-coverage="40% (9/22)" hits="1"
       number="15">
       <conditions>
        <condition coverage="40%" number="0" type="jump"/>
       </conditions>
      </line>
      <line branch="true" condition-coverage="40% (8/20)" hits="1"
       number="16">
       <conditions>
        <condition coverage="40%" number="0" type="jump"/>
       </conditions>
      </line>
      <line branch="true" condition-coverage="50% (4/8)" hits="2" number="18">
       <conditions>
        <condition coverage="50%" number="0" type="jump"/>
       </conditions>
      </line>
      <line branch="true" condition-coverage="50% (4/8)" hits="2" number="19">
       <conditions>
        <condition coverage="50%" number="0" type="jump"/>
       </conditions>
      </line>
      <line branch="true" condition-coverage="50% (4/8)" hits="2" number="20">
       <conditions>
        <condition coverage="50%" number="0" type="jump"/>
       </conditions>
      </line>
      <line branch="true" condition-coverage="50% (4/8)" hits="2" number="21">
       <conditions>
        <condition coverage="50%" number="0" type="jump"/>
       </conditions>
      </line>
      <line branch="true" condition-coverage="50% (4/8)" hits="2" number="22">
       <conditions>
        <condition coverage="50%" number="0" type="jump"/>
       </conditions>
      </line>
      <line branch="true" condition-coverage="40% (8/20)" hits="1"
       number="24">
       <conditions>
        <condition coverage="40%" number="0" type="jump"/>
       </conditions>
      </line>
      <line branch="true" condition-coverage="40% (8/20)" hits="1"
       number="25">
       <conditions>
        <condition coverage="40%" number="0" type="jump"/>
       </conditions>
      </line>
      <line branch="true" condition-coverage="40% (8/20)" hits="1"
       number="26">
       <conditions>
        <condition coverage="40%" number="0" type="jump"/>
       </conditions>
      </line>
      <line branch="true" condition-coverage="40% (8/20)" hits="1"
       number="27">
       <conditions>
        <condition coverage="40%" number="0" type="jump"/>
       </conditions>
      </line>
      <line branch="true" condition-coverage="40% (8/20)" hits="1"
       number="29">
       <conditions>
        <condition coverage="40%" number="0" type="jump"/>
       </conditions>
      </line>
      <line branch="true" condition-coverage="40% (8/20)" hits="1"
       number="30">
       <conditions>
        <condition coverage="40%" number="0" type="jump"/>
       </conditions>
      </line>
      <line branch="true" condition-coverage="40% (8/20)" hits="1"
       number="31">
       <conditions>
        <condition coverage="40%" number="0" type="jump"/>
       </conditions>
      </line>
      <line branch="true" condition-coverage="40% (8/20)" hits="1"
       number="33">
       <conditions>
        <condition coverage="40%" number="0" type="jump"/>
       </conditions>
      </line>
      <line branch="true" condition-coverage="40% (8/20)" hits="1"
       number="34">
       <conditions>
        <condition coverage="40%" number="0" type="jump"/>
       </conditions>
      </line>
      <line branch="true" condition-coverage="40% (8/20)" hits="1"
       number="36">
       <conditions>
        <condition coverage="40%" number="0" type="jump"/>
       </conditions>
      </line>
      <line branch="true" condition-coverage="40% (8/20)" hits="1"
       number="39">
       <conditions>
        <condition coverage="40%" number="0" type="jump"/>
       </conditions>
      </line>
      <line branch="true" condition-coverage="40% (8/20)" hits="1"
       number="40">
       <conditions>
        <condition coverage="40%" number="0" type="jump"/>
       </conditions>
      </line>
      <line branch="true" condition-coverage="40% (8/20)" hits="1"
       number="41">
       <conditions>
        <condition coverage="40%" number="0" type="jump"/>
       </conditions>
      </line>
      <line branch="true" condition-coverage="40% (8/20)" hits="1"
       number="42">
       <conditions>
        <condition coverage="40%" number="0" type="jump"/>
       </conditions>
      </line>
      <line branch="true" condition-coverage="50% (2/4)" hits="4" number="43">
       <conditions>
        <condition coverage="50%" number="0" type="jump"/>
       </conditions>
      </line>
     </lines>
    </class>
    <class branch-rate="0.416447079491" complexity="0.0"
     filename="tests/test_tools.cc" line-rate="1.0" name="test_tools_cc">
     <methods/>
     <lines>
      <line branch="true" condition-coverage="50% (2/4)" hits="2" number="55">
       <conditions>
        <condition coverage="50%" number="0" type="jump"/>
       </conditions>
      </line>
      <line branch="true" condition-coverage="50% (1/2)" hits="2" number="57">
       <conditions>
        <condition coverage="50%" number="0" type="jump"/>
       </conditions>
      </line>
      <line branch="true" condition-coverage="40% (8/20)" hits="1"
       number="59">
       <conditions>
        <condition coverage="40%" number="0" type="jump"/>
       </conditions>
      </line>
      <line branch="true" condition-coverage="40% (8/20)" hits="1"
       number="60">
       <conditions>
        <condition coverage="40%" number="0" type="jump"/>
       </conditions>
      </line>
      <line branch="true" condition-coverage="40% (8/20)" hits="1"
       number="61">
       <conditions>
        <condition coverage="40%" number="0" type="jump"/>
       </conditions>
      </line>
      <line branch="true" condition-coverage="40% (9/22)" hits="1"
       number="63">
       <conditions>
        <condition coverage="40%" number="0" type="jump"/>
       </conditions>
      </line>
      <line branch="true" condition-coverage="40% (9/22)" hits="1"
       number="64">
       <conditions>
        <condition coverage="40%" number="0" type="jump"/>
       </conditions>
      </line>
      <line branch="true" condition-coverage="40% (9/22)" hits="1"
       number="65">
       <conditions>
        <condition coverage="40%" number="0" type="jump"/>
       </conditions>
      </line>
      <line branch="true" condition-coverage="40% (9/22)" hits="1"
       number="66">
       <conditions>
        <condition coverage="40%" number="0" type="jump"/>
       </conditions>
      </line>
      <line branch="true" condition-coverage="40% (9/22)" hits="1"
       number="67">
       <conditions>
        <condition coverage="40%" number="0" type="jump"/>
       </conditions>
      </line>
      <line branch="true" condition-coverage="40% (9/22)" hits="1"
       number="68">
       <conditions>
        <condition coverage="40%" number="0" type="jump"/>
       </conditions>
      </line>
      <line branch="true" condition-coverage="50% (1/2)" hits="1" number="70">
       <conditions>
        <condition coverage="50%" number="0" type="jump"/>
       </conditions>
      </line>
      <line branch="true" condition-coverage="40% (9/22)" hits="1"
       number="72">
       <conditions>
        <condition coverage="40%" number="0" type="jump"/>
       </conditions>
      </line>
      <line branch="true" condition-coverage="40% (9/22)" hits="1"
       number="73">
       <conditions>
        <condition coverage="40%" number="0" type="jump"/>
       </conditions>
      </line>
      <line branch="true" condition-coverage="40% (9/22)" hits="1"
       number="74">
       <conditions>
        <condition coverage="40%" number="0" type="jump"/>
       </conditions>
      </line>
      <line branch="true" condition-coverage="40% (9/22)" hits="1"
       number="75">
       <conditions>
        <condition coverage="40%" number="0" type="jump"/>
       </conditions>
      </line>
      <line branch="true" condition-coverage="40% (9/22)" hits="1"
       number="76">
       <conditions>
        <condition coverage="40%" number="0" type="jump"/>
       </conditions>
      </line>
      <line branch="true" condition-coverage="40% (9/22)" hits="1"
       number="77">
       <conditions>
        <condition coverage="40%" number="0" type="jump"/>
       </conditions>
      </line>
      <line branch="true" condition-coverage="40% (9/22)" hits="1"
       number="78">
       <conditions>
        <condition coverage="40%" number="0" type="jump"/>
       </conditions>
      </line>
      <line branch="false" hits="1" number="102"/>
      <line branch="true" condition-coverage="50% (2/4)" hits="2"
       number="104">
       <conditions>
        <condition coverage="50%" number="0" type="jump"/>
       </conditions>
      </line>
      <line branch="true" condition-coverage="50% (1/2)" hits="2"
       number="106">
       <conditions>
        <condition coverage="50%" number="0" type="jump"/>
       </conditions>
      </line>
      <line branch="true" condition-coverage="50% (1/2)" hits="2"
       number="107">
       <conditions>
        <condition coverage="50%" number="0" type="jump"/>
       </conditions>
      </line>
      <line branch="true" condition-coverage="50% (1/2)" hits="2"
       number="108">
       <conditions>
        <condition coverage="50%" number="0" type="jump"/>
       </conditions>
      </line>
      <line branch="true" condition-coverage="50% (1/2)" hits="2"
       number="109">
       <conditions>
        <condition coverage="50%" number="0" type="jump"/>
       </conditions>
      </line>
      <line branch="true" condition-coverage="50% (1/2)" hits="2"
       number="110">
       <conditions>
        <condition coverage="50%" number="0" type="jump"/>
       </conditions>
      </line>
      <line branch="true" condition-coverage="50% (2/4)" hits="1"
       number="112">
       <conditions>
        <condition coverage="50%" number="0" type="jump"/>
       </conditions>
      </line>
      <line branch="true" condition-coverage="50% (1/2)" hits="2"
       number="113">
       <conditions>
        <condition coverage="50%" number="0" type="jump"/>
       </conditions>
      </line>
      <line branch="true" condition-coverage="50% (1/2)" hits="1"
       number="114">
       <conditions>
        <condition coverage="50%" number="0" type="jump"/>
       </conditions>
      </line>
      <line branch="true" condition-coverage="100% (2/2)" hits="76"
       number="116">
       <conditions>
        <condition coverage="100%" number="0" type="jump"/>
       </conditions>
      </line>
      <line branch="true" condition-coverage="50% (1/2)" hits="150"
       number="117">
       <conditions>
        <condition coverage="50%" number="0" type="jump"/>
       </conditions>
      </line>
      <line branch="true" condition-coverage="40% (9/22)" hits="75"
       number="118">
       <conditions>
        <condition coverage="40%" number="0" type="jump"/>
       </conditions>
      </line>
      <line branch="true" condition-coverage="50% (2/4)" hits="1"
       number="123">
       <conditions>
        <condition coverage="50%" number="0" type="jump"/>
       </conditions>
      </line>
      <line branch="true" condition-coverage="40% (8/20)" hits="1"
       number="125">
       <conditions>
        <condition coverage="40%" number="0" type="jump"/>
       </conditions>
      </line>
      <line branch="true" condition-coverage="50% (2/4)" hits="1"
       number="128">
       <conditions>
        <condition coverage="50%" number="0" type="jump"/>
       </conditions>
      </line>
      <line branch="true" condition-coverage="40% (9/22)" hits="1"
       number="129">
       <conditions>
        <condition coverage="40%" number="0" type="jump"/>
       </conditions>
      </line>
      <line branch="true" condition-coverage="40% (9/22)" hits="1"
       number="130">
       <conditions>
        <condition coverage="40%" number="0" type="jump"/>
       </conditions>
      </line>
      <line branch="false" hits="1" number="131"/>
      <line branch="true" condition-coverage="50% (2/4)" hits="2"
       number="134">
       <conditions>
        <condition coverage="50%" number="0" type="jump"/>
       </conditions>
      </line>
      <line branch="false" hits="1" number="136"/>
      <line branch="true" condition-coverage="50% (1/2)" hits="2"
       number="139">
       <conditions>
        <condition coverage="50%" number="0" type="jump"/>
       </conditions>
      </line>
      <line branch="true" condition-coverage="50% (1/2)" hits="2"
       number="140">
       <conditions>
        <condition coverage="50%" number="0" type="jump"/>
       </conditions>
      </line>
      <line branch="true" condition-coverage="100% (2/2)" hits="100001"
       number="142">
       <conditions>
        <condition coverage="100%" number="0" type="jump"/>
       </conditions>
      </line>
      <line branch="true" condition-coverage="75% (6/8)" hits="100000"
       number="143">
       <conditions>
        <condition coverage="75%" number="0" type="jump"/>
       </conditions>
      </line>
      <line branch="true" condition-coverage="83% (5/6)" hits="100000"
       number="144">
       <conditions>
        <condition coverage="83%" number="0" type="jump"/>
       </conditions>
      </line>
      <line branch="false" hits="1" number="148"/>
      <line branch="true" condition-coverage="50% (1/2)" hits="2"
       number="150">
       <conditions>
        <condition coverage="50%" number="0" type="jump"/>
       </conditions>
      </line>
      <line branch="true" condition-coverage="50% (1/2)" hits="2"
       number="151">
       <conditions>
        <condition coverage="50%" number="0" type="jump"/>
       </conditions>
      </line>
      <line branch="false" hits="1" number="152"/>
      <line branch="true" condition-coverage="100% (2/2)" hits="100001"
       number="155">
       <conditions>
        <condition coverage="100%" number="0" type="jump"/>
       </conditions>
      </line>
      <line branch="true" condition-coverage="50% (2/4)" hits="100000"
       number="156">
       <conditions>
        <condition coverage="50%" number="0" type="jump"/>
       </conditions>
      </line>
      <line branch="true" condition-coverage="50% (2/4)" hits="100000"
       number="157">
       <conditions>
        <condition coverage="50%" number="0" type="jump"/>
       </conditions>
      </line>
      <line branch="true" condition-coverage="50% (1/2)" hits="200000"
       number="158">
       <conditions>
        <condition coverage="50%" number="0" type="jump"/>
       </conditions>
      </line>
      <line branch="true" condition-coverage="50% (1/2)" hits="100000"
       number="159">
       <conditions>
        <condition coverage="50%" number="0" type="jump"/>
       </conditions>
      </line>
      <line branch="false" hits="1" number="162"/>
      <line branch="false" hits="1" number="163"/>
      <line branch="false" hits="1" number="167"/>
      <line branch="true" condition-coverage="50% (2/4)" hits="2"
       number="170">
       <conditions>
        <condition coverage="50%" number="0" type="jump"/>
       </conditions>
      </line>
      <line branch="true" condition-coverage="50% (1/2)" hits="2"
       number="172">
       <conditions>
        <condition coverage="50%" number="0" type="jump"/>
       </conditions>
      </line>
      <line branch="true" condition-coverage="50% (1/2)" hits="2"
       number="173">
       <conditions>
        <condition coverage="50%" number="0" type="jump"/>
       </conditions>
      </line>
      <line branch="true" condition-coverage="50% (1/2)" hits="2"
       number="174">
       <conditions>
        <condition coverage="50%" number="0" type="jump"/>
       </conditions>
      </line>
      <line branch="true" condition-coverage="50% (1/2)" hits="2"
       number="175">
       <conditions>
        <condition coverage="50%" number="0" type="jump"/>
       </conditions>
      </line>
      <line branch="true" condition-coverage="50% (1/2)" hits="2"
       number="176">
       <conditions>
        <condition coverage="50%" number="0" type="jump"/>
       </conditions>
      </line>
      <line branch="true" condition-coverage="50% (1/2)" hits="1"
       number="178">
       <conditions>
        <condition coverage="50%" number="0" type="jump"/>
       </conditions>
      </line>
      <line branch="true" condition-coverage="50% (1/2)" hits="2"
       number="179">
       <conditions>
        <condition coverage="50%" number="0" type="jump"/>
       </conditions>
      </line>
      <line branch="false" hits="1" number="181"/>
      <line branch="true" condition-coverage="100% (2/2)" hits="39"
       number="183">
       <conditions>
        <condition coverage="100%" number="0" type="jump"/>
       </conditions>
      </line>
      <line branch="true" condition-coverage="50% (1/2)" hits="76"
       number="184">
       <conditions>
        <condition coverage="50%" number="0" type="jump"/>
       </conditions>
      </line>
      <line branch="true" condition-coverage="40% (8/20)" hits="38"
       number="185">
       <conditions>
        <condition coverage="40%" number="0" type="jump"/>
       </conditions>
      </line>
      <line branch="true" condition-coverage="50% (1/2)" hits="1"
       number="188">
       <conditions>
        <condition coverage="50%" number="0" type="jump"/>
       </conditions>
      </line>
      <line branch="true" condition-coverage="50% (1/2)" hits="1"
       number="191">
       <conditions>
        <condition coverage="50%" number="0" type="jump"/>
       </conditions>
      </line>
      <line branch="true" condition-coverage="40% (8/20)" hits="1"
       number="192">
       <conditions>
        <condition coverage="40%" number="0" type="jump"/>
       </conditions>
      </line>
      <line branch="true" condition-coverage="40% (8/20)" hits="1"
       number="193">
       <conditions>
        <condition coverage="40%" number="0" type="jump"/>
       </conditions>
      </line>
      <line branch="false" hits="1" number="194"/>
      <line branch="true" condition-coverage="50% (2/4)" hits="2"
       number="196">
       <conditions>
        <condition coverage="50%" number="0" type="jump"/>
       </conditions>
      </line>
      <line branch="false" hits="1" number="199"/>
      <line branch="true" condition-coverage="50% (1/2)" hits="2"
       number="202">
       <conditions>
        <condition coverage="50%" number="0" type="jump"/>
       </conditions>
      </line>
      <line branch="true" condition-coverage="50% (1/2)" hits="2"
       number="203">
       <conditions>
        <condition coverage="50%" number="0" type="jump"/>
       </conditions>
      </line>
      <line branch="true" condition-coverage="100% (2/2)" hits="100001"
       number="205">
       <conditions>
        <condition coverage="100%" number="0" type="jump"/>
       </conditions>
      </line>
      <line branch="true" condition-coverage="83% (5/6)" hits="100000"
       number="206">
       <conditions>
        <condition coverage="83%" number="0" type="jump"/>
       </conditions>
      </line>
      <line branch="true" condition-coverage="100% (4/4)" hits="100000"
       number="207">
       <conditions>
        <condition coverage="100%" number="0" type="jump"/>
       </conditions>
      </line>
      <line branch="false" hits="1" number="211"/>
      <line branch="true" condition-coverage="50% (1/2)" hits="2"
       number="213">
       <conditions>
        <condition coverage="50%" number="0" type="jump"/>
       </conditions>
      </line>
      <line branch="true" condition-coverage="50% (1/2)" hits="2"
       number="214">
       <conditions>
        <condition coverage="50%" number="0" type="jump"/>
       </conditions>
      </line>
      <line branch="false" hits="1" number="215"/>
      <line branch="true" condition-coverage="100% (2/2)" hits="100001"
       number="216">
       <conditions>
        <condition coverage="100%" number="0" type="jump"/>
       </conditions>
      </line>
      <line branch="true" condition-coverage="50% (1/2)" hits="100000"
       number="217">
       <conditions>
        <condition coverage="50%" number="0" type="jump"/>
       </conditions>
      </line>
      <line branch="true" condition-coverage="50% (1/2)" hits="100000"
       number="218">
       <conditions>
        <condition coverage="50%" number="0" type="jump"/>
       </conditions>
      </line>
      <line branch="true" condition-coverage="50% (1/2)" hits="200000"
       number="219">
       <conditions>
        <condition coverage="50%" number="0" type="jump"/>
       </conditions>
      </line>
      <line branch="false" hits="100000" number="220"/>
      <line branch="false" hits="1" number="223"/>
      <line branch="false" hits="1" number="225"/>
      <line branch="false" hits="1" number="229"/>
      <line branch="true" condition-coverage="50% (2/4)" hits="2"
       number="231">
       <conditions>
        <condition coverage="50%" number="0" type="jump"/>
       </conditions>
      </line>
      <line branch="false" hits="2" number="233"/>
      <line branch="true" condition-coverage="50% (2/4)" hits="1"
       number="235">
       <conditions>
        <condition coverage="50%" number="0" type="jump"/>
       </conditions>
      </line>
      <line branch="true" condition-coverage="50% (1/2)" hits="1"
       number="236">
       <conditions>
        <condition coverage="50%" number="0" type="jump"/>
       </conditions>
      </line>
      <line branch="true" condition-coverage="50% (1/2)" hits="2"
       number="239">
       <conditions>
        <condition coverage="50%" number="0" type="jump"/>
       </conditions>
      </line>
      <line branch="true" condition-coverage="50% (1/2)" hits="1"
       number="240">
       <conditions>
        <condition coverage="50%" number="0" type="jump"/>
       </conditions>
      </line>
      <line branch="true" condition-coverage="40% (9/22)" hits="1"
       number="241">
       <conditions>
        <condition coverage="40%" number="0" type="jump"/>
       </conditions>
      </line>
      <line branch="true" condition-coverage="40% (9/22)" hits="1"
       number="244">
       <conditions>
        <condition coverage="40%" number="0" type="jump"/>
       </conditions>
      </line>
      <line branch="true" condition-coverage="50% (3/6)" hits="2"
       number="247">
       <conditions>
        <condition coverage="50%" number="0" type="jump"/>
       </conditions>
      </line>
      <line branch="true" condition-coverage="50% (2/4)" hits="2"
       number="248">
       <conditions>
        <condition coverage="50%" number="0" type="jump"/>
       </conditions>
      </line>
      <line branch="false" hits="1" number="251"/>
      <line branch="true" condition-coverage="50% (4/8)" hits="4"
       number="252">
       <conditions>
        <condition coverage="50%" number="0" type="jump"/>
       </conditions>
      </line>
      <line branch="true" condition-coverage="40% (9/22)" hits="1"
       number="254">
       <conditions>
        <condition coverage="40%" number="0" type="jump"/>
       </conditions>
      </line>
      <line branch="false" hits="1" number="255"/>
      <line branch="true" condition-coverage="40% (9/22)" hits="1"
       number="256">
       <conditions>
        <condition coverage="40%" number="0" type="jump"/>
       </conditions>
      </line>
      <line branch="true" condition-coverage="50% (2/4)" hits="1"
       number="259">
       <conditions>
        <condition coverage="50%" number="0" type="jump"/>
       </conditions>
      </line>
      <line branch="true" condition-coverage="40% (9/22)" hits="1"
       number="260">
       <conditions>
        <condition coverage="40%" number="0" type="jump"/>
       </conditions>
      </line>
      <line branch="true" condition-coverage="40% (9/22)" hits="1"
       number="263">
       <conditions>
        <condition coverage="40%" number="0" type="jump"/>
       </conditions>
      </line>
      <line branch="true" condition-coverage="40% (9/22)" hits="1"
       number="264">
       <conditions>
        <condition coverage="40%" number="0" type="jump"/>
       </conditions>
      </line>
      <line branch="true" condition-coverage="40% (9/22)" hits="1"
       number="265">
       <conditions>
        <condition coverage="40%" number="0" type="jump"/>
       </conditions>
      </line>
      <line branch="true" condition-coverage="40% (9/22)" hits="1"
       number="266">
       <conditions>
        <condition coverage="40%" number="0" type="jump"/>
       </conditions>
      </line>
      <line branch="true" condition-coverage="40% (9/22)" hits="1"
       number="267">
       <conditions>
        <condition coverage="40%" number="0" type="jump"/>
       </conditions>
      </line>
      <line branch="false" hits="1" number="268"/>
      <line branch="false" hits="1" number="272"/>
      <line branch="false" hits="1" number="273"/>
      <line branch="false" hits="1" number="274"/>
      <line branch="true" condition-coverage="50% (2/4)" hits="2"
       number="276">
       <conditions>
        <condition coverage="50%" number="0" type="jump"/>
       </conditions>
      </line>
      <line branch="false" hits="1" number="279"/>
      <line branch="false" hits="1" number="280"/>
      <line branch="true" condition-coverage="40% (8/20)" hits="1"
       number="281">
       <conditions>
        <condition coverage="40%" number="0" type="jump"/>
       </conditions>
      </line>
      <line branch="true" condition-coverage="40% (8/20)" hits="1"
       number="283">
       <conditions>
        <condition coverage="40%" number="0" type="jump"/>
       </conditions>
      </line>
      <line branch="true" condition-coverage="40% (8/20)" hits="1"
       number="284">
       <conditions>
        <condition coverage="40%" number="0" type="jump"/>
       </conditions>
      </line>
      <line branch="true" condition-coverage="40% (8/20)" hits="1"
       number="285">
       <conditions>
        <condition coverage="40%" number="0" type="jump"/>
       </conditions>
      </line>
      <line branch="true" condition-coverage="40% (8/20)" hits="1"
       number="286">
       <conditions>
        <condition coverage="40%" number="0" type="jump"/>
       </conditions>
      </line>
      <line branch="true" condition-coverage="40% (8/20)" hits="1"
       number="288">
       <conditions>
        <condition coverage="40%" number="0" type="jump"/>
       </conditions>
      </line>
      <line branch="true" condition-coverage="40% (8/20)" hits="1"
       number="289">
       <conditions>
        <condition coverage="40%" number="0" type="jump"/>
       </conditions>
      </line>
      <line branch="true" condition-coverage="40% (8/20)" hits="1"
       number="290">
       <conditions>
        <condition coverage="40%" number="0" type="jump"/>
       </conditions>
      </line>
      <line branch="true" condition-coverage="40% (8/20)" hits="1"
       number="292">
       <conditions>
        <condition coverage="40%" number="0" type="jump"/>
       </conditions>
      </line>
      <line branch="true" condition-coverage="40% (8/20)" hits="1"
       number="293">
       <conditions>
        <condition coverage="40%" number="0" type="jump"/>
       </conditions>
      </line>
      <line branch="true" condition-coverage="40% (8/20)" hits="1"
       number="294">
       <conditions>
        <condition coverage="40%" number="0" type="jump"/>
       </conditions>
      </line>
      <line branch="true" condition-coverage="40% (8/20)" hits="1"
       number="295">
       <conditions>
        <condition coverage="40%" number="0" type="jump"/>
       </conditions>
      </line>
      <line branch="true" condition-coverage="40% (8/20)" hits="1"
       number="296">
       <conditions>
        <condition coverage="40%" number="0" type="jump"/>
       </conditions>
      </line>
      <line branch="true" condition-coverage="40% (8/20)" hits="1"
       number="297">
       <conditions>
        <condition coverage="40%" number="0" type="jump"/>
       </conditions>
      </line>
      <line branch="true" condition-coverage="40% (8/20)" hits="1"
       number="298">
       <conditions>
        <condition coverage="40%" number="0" type="jump"/>
       </conditions>
      </line>
      <line branch="true" condition-coverage="40% (8/20)" hits="1"
       number="299">
       <conditions>
        <condition coverage="40%" number="0" type="jump"/>
       </conditions>
      </line>
      <line branch="true" condition-coverage="40% (8/20)" hits="1"
       number="300">
       <conditions>
        <condition coverage="40%" number="0" type="jump"/>
       </conditions>
      </line>
      <line branch="true" condition-coverage="40% (8/20)" hits="1"
       number="301">
       <conditions>
        <condition coverage="40%" number="0" type="jump"/>
       </conditions>
      </line>
      <line branch="true" condition-coverage="40% (8/20)" hits="1"
       number="306">
       <conditions>
        <condition coverage="40%" number="0" type="jump"/>
       </conditions>
      </line>
      <line branch="true" condition-coverage="40% (8/20)" hits="1"
       number="307">
       <conditions>
        <condition coverage="40%" number="0" type="jump"/>
       </conditions>
      </line>
      <line branch="true" condition-coverage="40% (8/20)" hits="1"
       number="308">
       <conditions>
        <condition coverage="40%" number="0" type="jump"/>
       </conditions>
      </line>
      <line branch="true" condition-coverage="40% (8/20)" hits="1"
       number="309">
       <conditions>
        <condition coverage="40%" number="0" type="jump"/>
       </conditions>
      </line>
      <line branch="true" condition-coverage="40% (8/20)" hits="1"
       number="311">
       <conditions>
        <condition coverage="40%" number="0" type="jump"/>
       </conditions>
      </line>
      <line branch="true" condition-coverage="40% (8/20)" hits="1"
       number="312">
       <conditions>
        <condition coverage="40%" number="0" type="jump"/>
       </conditions>
      </line>
      <line branch="true" condition-coverage="40% (8/20)" hits="1"
       number="313">
       <conditions>
        <condition coverage="40%" number="0" type="jump"/>
       </conditions>
      </line>
      <line branch="true" condition-coverage="40% (8/20)" hits="1"
       number="314">
       <conditions>
        <condition coverage="40%" number="0" type="jump"/>
       </conditions>
      </line>
      <line branch="false" hits="1" number="317"/>
      <line branch="true" condition-coverage="50% (1/2)" hits="1"
       number="318">
       <conditions>
        <condition coverage="50%" number="0" type="jump"/>
       </conditions>
      </line>
      <line branch="true" condition-coverage="40% (8/20)" hits="1"
       number="320">
       <conditions>
        <condition coverage="40%" number="0" type="jump"/>
       </conditions>
      </line>
      <line branch="false" hits="1" number="322"/>
      <line branch="false" hits="1" number="332"/>
      <line branch="false" hits="1" number="333"/>
      <line branch="false" hits="1" number="334"/>
      <line branch="false" hits="1" number="335"/>
      <line branch="false" hits="24" number="337"/>
      <line branch="false" hits="24" number="338"/>
      <line branch="false" hits="24" number="339"/>
      <line branch="true" condition-coverage="50% (2/4)" hits="2"
       number="341">
       <conditions>
        <condition coverage="50%" number="0" type="jump"/>
       </conditions>
      </line>
      <line branch="false" hits="2" number="344"/>
      <line branch="true" condition-coverage="50% (2/4)" hits="1"
       number="345">
       <conditions>
        <condition coverage="50%" number="0" type="jump"/>
       </conditions>
      </line>
      <line branch="true" condition-coverage="50% (2/4)" hits="1"
       number="346">
       <conditions>
        <condition coverage="50%" number="0" type="jump"/>
       </conditions>
      </line>
      <line branch="true" condition-coverage="50% (2/4)" hits="1"
       number="347">
       <conditions>
        <condition coverage="50%" number="0" type="jump"/>
       </conditions>
      </line>
      <line branch="true" condition-coverage="50% (2/4)" hits="1"
       number="348">
       <conditions>
        <condition coverage="50%" number="0" type="jump"/>
       </conditions>
      </line>
      <line branch="true" condition-coverage="50% (1/2)" hits="1"
       number="350">
       <conditions>
        <condition coverage="50%" number="0" type="jump"/>
       </conditions>
      </line>
      <line branch="true" condition-coverage="40% (8/20)" hits="1"
       number="352">
       <conditions>
        <condition coverage="40%" number="0" type="jump"/>
       </conditions>
      </line>
      <line branch="true" condition-coverage="40% (8/20)" hits="1"
       number="353">
       <conditions>
        <condition coverage="40%" number="0" type="jump"/>
       </conditions>
      </line>
      <line branch="true" condition-coverage="40% (8/20)" hits="1"
       number="354">
       <conditions>
        <condition coverage="40%" number="0" type="jump"/>
       </conditions>
      </line>
      <line branch="true" condition-coverage="40% (8/20)" hits="1"
       number="355">
       <conditions>
        <condition coverage="40%" number="0" type="jump"/>
       </conditions>
      </line>
      <line branch="false" hits="2" number="358"/>
      <line branch="true" condition-coverage="50% (2/4)" hits="1"
       number="359">
       <conditions>
        <condition coverage="50%" number="0" type="jump"/>
       </conditions>
      </line>
      <line branch="true" condition-coverage="50% (2/4)" hits="1"
       number="360">
       <conditions>
        <condition coverage="50%" number="0" type="jump"/>
       </conditions>
      </line>
      <line branch="true" condition-coverage="50% (2/4)" hits="1"
       number="361">
       <conditions>
        <condition coverage="50%" number="0" type="jump"/>
       </conditions>
      </line>
      <line branch="false" hits="2" number="363"/>
      <line branch="true" condition-coverage="50% (2/4)" hits="1"
       number="365">
       <conditions>
        <condition coverage="50%" number="0" type="jump"/>
       </conditions>
      </line>
      <line branch="true" condition-coverage="40% (8/20)" hits="1"
       number="367">
       <conditions>
        <condition coverage="40%" number="0" type="jump"/>
       </conditions>
      </line>
      <line branch="true" condition-coverage="40% (8/20)" hits="1"
       number="368">
       <conditions>
        <condition coverage="40%" number="0" type="jump"/>
       </conditions>
      </line>
      <line branch="true" condition-coverage="40% (8/20)" hits="1"
       number="369">
       <conditions>
        <condition coverage="40%" number="0" type="jump"/>
       </conditions>
      </line>
      <line branch="true" condition-coverage="50% (2/4)" hits="1"
       number="371">
       <conditions>
        <condition coverage="50%" number="0" type="jump"/>
       </conditions>
      </line>
      <line branch="true" condition-coverage="40% (8/20)" hits="1"
       number="373">
       <conditions>
        <condition coverage="40%" number="0" type="jump"/>
       </conditions>
      </line>
      <line branch="true" condition-coverage="40% (8/20)" hits="1"
       number="374">
       <conditions>
        <condition coverage="40%" number="0" type="jump"/>
       </conditions>
      </line>
      <line branch="true" condition-coverage="40% (8/20)" hits="1"
       number="375">
       <conditions>
        <condition coverage="40%" number="0" type="jump"/>
       </conditions>
      </line>
      <line branch="true" condition-coverage="50% (2/4)" hits="1"
       number="377">
       <conditions>
        <condition coverage="50%" number="0" type="jump"/>
       </conditions>
      </line>
      <line branch="true" condition-coverage="40% (8/20)" hits="1"
       number="379">
       <conditions>
        <condition coverage="40%" number="0" type="jump"/>
       </conditions>
      </line>
      <line branch="true" condition-coverage="40% (8/20)" hits="1"
       number="380">
       <conditions>
        <condition coverage="40%" number="0" type="jump"/>
       </conditions>
      </line>
      <line branch="true" condition-coverage="40% (8/20)" hits="1"
       number="381">
       <conditions>
        <condition coverage="40%" number="0" type="jump"/>
       </conditions>
      </line>
      <line branch="true" condition-coverage="40% (8/20)" hits="1"
       number="382">
       <conditions>
        <condition coverage="40%" number="0" type="jump"/>
       </conditions>
      </line>
      <line branch="true" condition-coverage="40% (8/20)" hits="1"
       number="383">
       <conditions>
        <condition coverage="40%" number="0" type="jump"/>
       </conditions>
      </line>
      <line branch="true" condition-coverage="50% (2/4)" hits="1"
       number="385">
       <conditions>
        <condition coverage="50%" number="0" type="jump"/>
       </conditions>
      </line>
      <line branch="true" condition-coverage="40% (8/20)" hits="1"
       number="387">
       <conditions>
        <condition coverage="40%" number="0" type="jump"/>
       </conditions>
      </line>
      <line branch="true" condition-coverage="40% (8/20)" hits="1"
       number="388">
       <conditions>
        <condition coverage="40%" number="0" type="jump"/>
       </conditions>
      </line>
      <line branch="true" condition-coverage="40% (8/20)" hits="1"
       number="389">
       <conditions>
        <condition coverage="40%" number="0" type="jump"/>
       </conditions>
      </line>
      <line branch="true" condition-coverage="40% (8/20)" hits="1"
       number="390">
       <conditions>
        <condition coverage="40%" number="0" type="jump"/>
       </conditions>
      </line>
      <line branch="true" condition-coverage="40% (8/20)" hits="1"
       number="391">
       <conditions>
        <condition coverage="40%" number="0" type="jump"/>
       </conditions>
      </line>
      <line branch="true" condition-coverage="40% (9/22)" hits="1"
       number="395">
       <conditions>
        <condition coverage="40%" number="0" type="jump"/>
       </conditions>
      </line>
      <line branch="true" condition-coverage="40% (9/22)" hits="1"
       number="396">
       <conditions>
        <condition coverage="40%" number="0" type="jump"/>
       </conditions>
      </line>
      <line branch="true" condition-coverage="40% (9/22)" hits="1"
       number="397">
       <conditions>
        <condition coverage="40%" number="0" type="jump"/>
       </conditions>
      </line>
      <line branch="true" condition-coverage="40% (9/22)" hits="1"
       number="398">
       <conditions>
        <condition coverage="40%" number="0" type="jump"/>
       </conditions>
      </line>
      <line branch="true" condition-coverage="40% (9/22)" hits="1"
       number="399">
       <conditions>
        <condition coverage="40%" number="0" type="jump"/>
       </conditions>
      </line>
      <line branch="true" condition-coverage="40% (9/22)" hits="1"
       number="401">
       <conditions>
        <condition coverage="40%" number="0" type="jump"/>
       </conditions>
      </line>
      <line branch="true" condition-coverage="40% (9/22)" hits="1"
       number="402">
       <conditions>
        <condition coverage="40%" number="0" type="jump"/>
       </conditions>
      </line>
      <line branch="true" condition-coverage="40% (9/22)" hits="1"
       number="403">
       <conditions>
        <condition coverage="40%" number="0" type="jump"/>
       </conditions>
      </line>
      <line branch="true" condition-coverage="40% (9/22)" hits="1"
       number="404">
       <conditions>
        <condition coverage="40%" number="0" type="jump"/>
       </conditions>
      </line>
      <line branch="true" condition-coverage="40% (9/22)" hits="1"
       number="405">
       <conditions>
        <condition coverage="40%" number="0" type="jump"/>
       </conditions>
      </line>
      <line branch="true" condition-coverage="40% (9/22)" hits="1"
       number="407">
       <conditions>
        <condition coverage="40%" number="0" type="jump"/>
       </conditions>
      </line>
      <line branch="true" condition-coverage="40% (9/22)" hits="1"
       number="408">
       <conditions>
        <condition coverage="40%" number="0" type="jump"/>
       </conditions>
      </line>
      <line branch="true" condition-coverage="40% (9/22)" hits="1"
       number="409">
       <conditions>
        <condition coverage="40%" number="0" type="jump"/>
       </conditions>
      </line>
      <line branch="true" condition-coverage="40% (9/22)" hits="1"
       number="410">
       <conditions>
        <condition coverage="40%" number="0" type="jump"/>
       </conditions>
      </line>
      <line branch="true" condition-coverage="40% (9/22)" hits="1"
       number="411">
       <conditions>
        <condition coverage="40%" number="0" type="jump"/>
       </conditions>
      </line>
      <line branch="true" condition-coverage="50% (1/2)" hits="12"
       number="416">
       <conditions>
        <condition coverage="50%" number="0" type="jump"/>
       </conditions>
      </line>
      <line branch="true" condition-coverage="41% (10/24)" hits="1"
       number="418">
       <conditions>
        <condition coverage="41%" number="0" type="jump"/>
       </conditions>
      </line>
      <line branch="true" condition-coverage="41% (10/24)" hits="1"
       number="419">
       <conditions>
        <condition coverage="41%" number="0" type="jump"/>
       </conditions>
      </line>
      <line branch="true" condition-coverage="41% (10/24)" hits="1"
       number="420">
       <conditions>
        <condition coverage="41%" number="0" type="jump"/>
       </conditions>
      </line>
      <line branch="true" condition-coverage="41% (10/24)" hits="1"
       number="421">
       <conditions>
        <condition coverage="41%" number="0" type="jump"/>
       </conditions>
      </line>
      <line branch="true" condition-coverage="41% (10/24)" hits="1"
       number="422">
       <conditions>
        <condition coverage="41%" number="0" type="jump"/>
       </conditions>
      </line>
      <line branch="false" hits="1" number="423"/>
      <line branch="true" condition-coverage="50% (2/4)" hits="2"
       number="426">
       <conditions>
        <condition coverage="50%" number="0" type="jump"/>
       </conditions>
      </line>
      <line branch="true" condition-coverage="50% (1/2)" hits="2"
       number="429">
       <conditions>
        <condition coverage="50%" number="0" type="jump"/>
       </conditions>
      </line>
      <line branch="true" condition-coverage="40% (8/20)" hits="1"
       number="431">
       <conditions>
        <condition coverage="40%" number="0" type="jump"/>
       </conditions>
      </line>
      <line branch="false" hits="1" number="433"/>
      <line branch="false" hits="1" number="434"/>
      <line branch="false" hits="1" number="435"/>
      <line branch="false" hits="1" number="437"/>
      <line branch="true" condition-coverage="50% (2/4)" hits="2"
       number="440">
       <conditions>
        <condition coverage="50%" number="0" type="jump"/>
       </conditions>
      </line>
      <line branch="true" condition-coverage="50% (1/2)" hits="2"
       number="442">
       <conditions>
        <condition coverage="50%" number="0" type="jump"/>
       </conditions>
      </line>
      <line branch="true" condition-coverage="50% (1/2)" hits="1"
       number="445">
       <conditions>
        <condition coverage="50%" number="0" type="jump"/>
       </conditions>
      </line>
      <line branch="false" hits="1" number="448"/>
      <line branch="false" hits="1000" number="471"/>
      <line branch="true" condition-coverage="50% (2/4)" hits="1000"
       number="472">
       <conditions>
        <condition coverage="50%" number="0" type="jump"/>
       </conditions>
      </line>
      <line branch="false" hits="1000" number="473"/>
      <line branch="false" hits="1000" number="474"/>
      <line branch="false" hits="500" number="475"/>
      <line branch="false" hits="500" number="476"/>
      <line branch="false" hits="1" number="480"/>
      <line branch="true" condition-coverage="50% (2/4)" hits="1"
       number="481">
       <conditions>
        <condition coverage="50%" number="0" type="jump"/>
       </conditions>
      </line>
      <line branch="false" hits="1" number="482"/>
      <line branch="false" hits="2" number="483"/>
      <line branch="false" hits="1" number="484"/>
      <line branch="false" hits="1" number="485"/>
      <line branch="true" condition-coverage="50% (2/4)" hits="2"
       number="488">
       <conditions>
        <condition coverage="50%" number="0" type="jump"/>
       </conditions>
      </line>
      <line branch="false" hits="2" number="490"/>
      <line branch="true" condition-coverage="50% (1/2)" hits="2"
       number="491">
       <conditions>
        <condition coverage="50%" number="0" type="jump"/>
       </conditions>
      </line>
      <line branch="true" condition-coverage="41% (10/24)" hits="1"
       number="493">
       <conditions>
        <condition coverage="41%" number="0" type="jump"/>
       </conditions>
      </line>
      <line branch="true" condition-coverage="100% (2/2)" hits="1001"
       number="495">
       <conditions>
        <condition coverage="100%" number="0" type="jump"/>
       </conditions>
      </line>
      <line branch="true" condition-coverage="50% (3/6)" hits="1000"
       number="496">
       <conditions>
        <condition coverage="50%" number="0" type="jump"/>
       </conditions>
      </line>
      <line branch="true" condition-coverage="41% (10/24)" hits="1"
       number="499">
       <conditions>
        <condition coverage="41%" number="0" type="jump"/>
       </conditions>
      </line>
      <line branch="true" condition-coverage="100% (2/2)" hits="501"
       number="502">
       <conditions>
        <condition coverage="100%" number="0" type="jump"/>
       </conditions>
      </line>
      <line branch="true" condition-coverage="50% (1/2)" hits="500"
       number="503">
       <conditions>
        <condition coverage="50%" number="0" type="jump"/>
       </conditions>
      </line>
      <line branch="true" condition-coverage="41% (10/24)" hits="1"
       number="506">
       <conditions>
        <condition coverage="41%" number="0" type="jump"/>
       </conditions>
      </line>
      <line branch="false" hits="1" number="509"/>
      <line branch="true" condition-coverage="50% (2/4)" hits="2"
       number="511">
       <conditions>
        <condition coverage="50%" number="0" type="jump"/>
       </conditions>
      </line>
      <line branch="true" condition-coverage="50% (1/2)" hits="1"
       number="513">
       <conditions>
        <condition coverage="50%" number="0" type="jump"/>
       </conditions>
      </line>
      <line branch="true" condition-coverage="50% (1/2)" hits="1"
       number="514">
       <conditions>
        <condition coverage="50%" number="0" type="jump"/>
       </conditions>
      </line>
      <line branch="false" hits="2" number="517"/>
      <line branch="true" condition-coverage="50% (1/2)" hits="1"
       number="518">
       <conditions>
        <condition coverage="50%" number="0" type="jump"/>
       </conditions>
      </line>
      <line branch="false" hits="1" number="519"/>
      <line branch="true" condition-coverage="40% (8/20)" hits="1"
       number="520">
       <conditions>
        <condition coverage="40%" number="0" type="jump"/>
       </conditions>
      </line>
      <line branch="true" condition-coverage="50% (1/2)" hits="1"
       number="521">
       <conditions>
        <condition coverage="50%" number="0" type="jump"/>
       </conditions>
      </line>
      <line branch="true" condition-coverage="50% (1/2)" hits="1"
       number="524">
       <conditions>
        <condition coverage="50%" number="0" type="jump"/>
       </conditions>
      </line>
      <line branch="true" condition-coverage="50% (1/2)" hits="2"
       number="525">
       <conditions>
        <condition coverage="50%" number="0" type="jump"/>
       </conditions>
      </line>
      <line branch="false" hits="1" number="526"/>
      <line branch="true" condition-coverage="40% (8/20)" hits="1"
       number="527">
       <conditions>
        <condition coverage="40%" number="0" type="jump"/>
       </conditions>
      </line>
      <line branch="true" condition-coverage="50% (1/2)" hits="1"
       number="528">
       <conditions>
        <condition coverage="50%" number="0" type="jump"/>
       </conditions>
      </line>
      <line branch="false" hits="1" number="531"/>
      <line branch="true" condition-coverage="50% (1/2)" hits="2"
       number="532">
       <conditions>
        <condition coverage="50%" number="0" type="jump"/>
       </conditions>
      </line>
      <line branch="true" condition-coverage="40% (8/20)" hits="1"
       number="533">
       <conditions>
        <condition coverage="40%" number="0" type="jump"/>
       </conditions>
      </line>
      <line branch="false" hits="1" number="534"/>
      <line branch="true" condition-coverage="40% (8/20)" hits="1"
       number="535">
       <conditions>
        <condition coverage="40%" number="0" type="jump"/>
       </conditions>
      </line>
      <line branch="true" condition-coverage="50% (1/2)" hits="2"
       number="538">
       <conditions>
        <condition coverage="50%" number="0" type="jump"/>
       </conditions>
      </line>
      <line branch="true" condition-coverage="40% (8/20)" hits="1"
       number="539">
       <conditions>
        <condition coverage="40%" number="0" type="jump"/>
       </conditions>
      </line>
      <line branch="false" hits="1" number="540"/>
      <line branch="true" condition-coverage="40% (8/20)" hits="1"
       number="541">
       <conditions>
        <condition coverage="40%" number="0" type="jump"/>
       </conditions>
      </line>
      <line branch="true" condition-coverage="40% (8/20)" hits="1"
       number="542">
       <conditions>
        <condition coverage="40%" number="0" type="jump"/>
       </conditions>
      </line>
      <line branch="true" condition-coverage="40% (8/20)" hits="1"
       number="543">
       <conditions>
        <condition coverage="40%" number="0" type="jump"/>
       </conditions>
      </line>
      <line branch="true" condition-coverage="50% (1/2)" hits="2"
       number="549">
       <conditions>
        <condition coverage="50%" number="0" type="jump"/>
       </conditions>
      </line>
      <line branch="true" condition-coverage="50% (1/2)" hits="1"
       number="550">
       <conditions>
        <condition coverage="50%" number="0" type="jump"/>
       </conditions>
      </line>
      <line branch="true" condition-coverage="50% (1/2)" hits="1"
       number="551">
       <conditions>
        <condition coverage="50%" number="0" type="jump"/>
       </conditions>
      </line>
      <line branch="true" condition-coverage="66% (4/6)" hits="1"
       number="552">
       <conditions>
        <condition coverage="66%" number="0" type="jump"/>
       </conditions>
      </line>
      <line branch="true" condition-coverage="40% (9/22)" hits="1"
       number="555">
       <conditions>
        <condition coverage="40%" number="0" type="jump"/>
       </conditions>
      </line>
      <line branch="true" condition-coverage="50% (1/2)" hits="1"
       number="556">
       <conditions>
        <condition coverage="50%" number="0" type="jump"/>
       </conditions>
      </line>
      <line branch="true" condition-coverage="40% (9/22)" hits="1"
       number="557">
       <conditions>
        <condition coverage="40%" number="0" type="jump"/>
       </conditions>
      </line>
      <line branch="true" condition-coverage="50% (1/2)" hits="1"
       number="558">
       <conditions>
        <condition coverage="50%" number="0" type="jump"/>
       </conditions>
      </line>
      <line branch="true" condition-coverage="40% (9/22)" hits="1"
       number="559">
       <conditions>
        <condition coverage="40%" number="0" type="jump"/>
       </conditions>
      </line>
      <line branch="true" condition-coverage="40% (9/22)" hits="1"
       number="560">
       <conditions>
        <condition coverage="40%" number="0" type="jump"/>
       </conditions>
      </line>
      <line branch="true" condition-coverage="50% (1/2)" hits="1"
       number="562">
       <conditions>
        <condition coverage="50%" number="0" type="jump"/>
       </conditions>
      </line>
      <line branch="true" condition-coverage="50% (1/2)" hits="1"
       number="574">
       <conditions>
        <condition coverage="50%" number="0" type="jump"/>
       </conditions>
      </line>
      <line branch="true" condition-coverage="50% (1/2)" hits="1"
       number="575">
       <conditions>
        <condition coverage="50%" number="0" type="jump"/>
       </conditions>
      </line>
      <line branch="true" condition-coverage="50% (1/2)" hits="1"
       number="576">
       <conditions>
        <condition coverage="50%" number="0" type="jump"/>
       </conditions>
      </line>
      <line branch="true" condition-coverage="50% (1/2)" hits="1"
       number="577">
       <conditions>
        <condition coverage="50%" number="0" type="jump"/>
       </conditions>
      </line>
      <line branch="true" condition-coverage="50% (1/2)" hits="1"
       number="578">
       <conditions>
        <condition coverage="50%" number="0" type="jump"/>
       </conditions>
      </line>
      <line branch="true" condition-coverage="50% (1/2)" hits="1"
       number="580">
       <conditions>
        <condition coverage="50%" number="0" type="jump"/>
       </conditions>
      </line>
      <line branch="true" condition-coverage="50% (1/2)" hits="1"
       number="581">
       <conditions>
        <condition coverage="50%" number="0" type="jump"/>
       </conditions>
      </line>
      <line branch="true" condition-coverage="50% (1/2)" hits="1"
       number="582">
       <conditions>
        <condition coverage="50%" number="0" type="jump"/>
       </conditions>
      </line>
      <line branch="true" condition-coverage="50% (1/2)" hits="1"
       number="583">
       <conditions>
        <condition coverage="50%" number="0" type="jump"/>
       </conditions>
      </line>
      <line branch="true" condition-coverage="50% (1/2)" hits="1"
       number="585">
       <conditions>
        <condition coverage="50%" number="0" type="jump"/>
       </conditions>
      </line>
      <line branch="true" condition-coverage="50% (1/2)" hits="1"
       number="586">
       <conditions>
        <condition coverage="50%" number="0" type="jump"/>
       </conditions>
      </line>
      <line branch="true" condition-coverage="50% (1/2)" hits="1"
       number="588">
       <conditions>
        <condition coverage="50%" number="0" type="jump"/>
       </conditions>
      </line>
      <line branch="true" condition-coverage="40% (9/22)" hits="1"
       number="590">
       <conditions>
        <condition coverage="40%" number="0" type="jump"/>
       </conditions>
      </line>
      <line branch="true" condition-coverage="40% (9/22)" hits="1"
       number="591">
       <conditions>
        <condition coverage="40%" number="0" type="jump"/>
       </conditions>
      </line>
      <line branch="true" condition-coverage="40% (9/22)" hits="1"
       number="592">
       <conditions>
        <condition coverage="40%" number="0" type="jump"/>
       </conditions>
      </line>
      <line branch="true" condition-coverage="40% (9/22)" hits="1"
       number="593">
       <conditions>
        <condition coverage="40%" number="0" type="jump"/>
       </conditions>
      </line>
      <line branch="true" condition-coverage="40% (9/22)" hits="1"
       number="595">
       <conditions>
        <condition coverage="40%" number="0" type="jump"/>
       </conditions>
      </line>
      <line branch="true" condition-coverage="40% (9/22)" hits="1"
       number="596">
       <conditions>
        <condition coverage="40%" number="0" type="jump"/>
       </conditions>
      </line>
      <line branch="true" condition-coverage="40% (9/22)" hits="1"
[...]
       number="122">
       <conditions>
        <condition coverage="50%" number="0" type="jump"/>
       </conditions>
      </line>
      <line branch="false" hits="1" number="123"/>
      <line branch="false" hits="64" number="127"/>
     </lines>
    </class>
    <class branch-rate="0.332225913621" complexity="0.0"
     filename="tools/string_utils.h" line-rate="0.730263157895"
     name="string_utils_h">
     <methods/>
     <lines>
      <line branch="false" hits="38" number="22"/>
      <line branch="true" condition-coverage="50% (1/2)" hits="76"
       number="24">
       <conditions>
        <condition coverage="50%" number="0" type="jump"/>
       </conditions>
      </line>
      <line branch="true" condition-coverage="100% (6/6)" hits="38"
       number="25">
       <conditions>
        <condition coverage="100%" number="0" type="jump"/>
       </conditions>
      </line>
      <line branch="true" condition-coverage="50% (1/2)" hits="29"
       number="26">
       <conditions>
        <condition coverage="50%" number="0" type="jump"/>
       </conditions>
      </line>
      <line branch="true" condition-coverage="50% (1/2)" hits="29"
       number="27">
       <conditions>
        <condition coverage="50%" number="0" type="jump"/>
       </conditions>
      </line>
      <line branch="true" condition-coverage="57% (4/7)" hits="9" number="29">
       <conditions>
        <condition coverage="57%" number="0" type="jump"/>
       </conditions>
      </line>
      <line branch="true" condition-coverage="0% (0/2)" hits="0" number="31">
       <conditions>
        <condition coverage="0%" number="0" type="jump"/>
       </conditions>
      </line>
      <line branch="true" condition-coverage="0% (0/2)" hits="0" number="34">
       <conditions>
        <condition coverage="0%" number="0" type="jump"/>
       </conditions>
      </line>
      <line branch="true" condition-coverage="50% (1/2)" hits="2" number="37">
       <conditions>
        <condition coverage="50%" number="0" type="jump"/>
       </conditions>
      </line>
      <line branch="true" condition-coverage="50% (1/2)" hits="2" number="40">
       <conditions>
        <condition coverage="50%" number="0" type="jump"/>
       </conditions>
      </line>
      <line branch="true" condition-coverage="0% (0/2)" hits="0" number="43">
       <conditions>
        <condition coverage="0%" number="0" type="jump"/>
       </conditions>
      </line>
      <line branch="true" condition-coverage="50% (1/2)" hits="2" number="46">
       <conditions>
        <condition coverage="50%" number="0" type="jump"/>
       </conditions>
      </line>
      <line branch="true" condition-coverage="50% (1/2)" hits="3" number="49">
       <conditions>
        <condition coverage="50%" number="0" type="jump"/>
       </conditions>
      </line>
      <line branch="true" condition-coverage="50% (1/2)" hits="3" number="50">
       <conditions>
        <condition coverage="50%" number="0" type="jump"/>
       </conditions>
      </line>
      <line branch="false" hits="1" number="53"/>
      <line branch="true" condition-coverage="50% (1/2)" hits="2" number="54">
       <conditions>
        <condition coverage="50%" number="0" type="jump"/>
       </conditions>
      </line>
      <line branch="true" condition-coverage="66% (4/6)" hits="1" number="55">
       <conditions>
        <condition coverage="66%" number="0" type="jump"/>
       </conditions>
      </line>
      <line branch="true" condition-coverage="50% (1/2)" hits="2" number="56">
       <conditions>
        <condition coverage="50%" number="0" type="jump"/>
       </conditions>
      </line>
      <line branch="false" hits="2" number="62"/>
      <line branch="false" hits="2" number="63"/>
      <line branch="false" hits="2" number="65"/>
      <line branch="true" condition-coverage="50% (1/2)" hits="4" number="66">
       <conditions>
        <condition coverage="50%" number="0" type="jump"/>
       </conditions>
      </line>
      <line branch="true" condition-coverage="50% (4/8)" hits="2" number="67">
       <conditions>
        <condition coverage="50%" number="0" type="jump"/>
       </conditions>
      </line>
      <line branch="true" condition-coverage="50% (1/2)" hits="4" number="68">
       <conditions>
        <condition coverage="50%" number="0" type="jump"/>
       </conditions>
      </line>
      <line branch="false" hits="0" number="70"/>
      <line branch="true" condition-coverage="0% (0/2)" hits="0" number="72">
       <conditions>
        <condition coverage="0%" number="0" type="jump"/>
       </conditions>
      </line>
      <line branch="true" condition-coverage="0% (0/2)" hits="0" number="73">
       <conditions>
        <condition coverage="0%" number="0" type="jump"/>
       </conditions>
      </line>
      <line branch="true" condition-coverage="0% (0/2)" hits="0" number="74">
       <conditions>
        <condition coverage="0%" number="0" type="jump"/>
       </conditions>
      </line>
      <line branch="true" condition-coverage="0% (0/4)" hits="0" number="75">
       <conditions>
        <condition coverage="0%" number="0" type="jump"/>
       </conditions>
      </line>
      <line branch="true" condition-coverage="0% (0/2)" hits="0" number="77">
       <conditions>
        <condition coverage="0%" number="0" type="jump"/>
       </conditions>
      </line>
      <line branch="true" condition-coverage="0% (0/2)" hits="0" number="78">
       <conditions>
        <condition coverage="0%" number="0" type="jump"/>
       </conditions>
      </line>
      <line branch="false" hits="0" number="83"/>
      <line branch="false" hits="0" number="84"/>
      <line branch="true" condition-coverage="0% (0/8)" hits="0" number="85">
       <conditions>
        <condition coverage="0%" number="0" type="jump"/>
       </conditions>
      </line>
      <line branch="true" condition-coverage="0% (0/2)" hits="0" number="86">
       <conditions>
        <condition coverage="0%" number="0" type="jump"/>
       </conditions>
      </line>
      <line branch="true" condition-coverage="0% (0/8)" hits="0" number="87">
       <conditions>
        <condition coverage="0%" number="0" type="jump"/>
       </conditions>
      </line>
      <line branch="true" condition-coverage="0% (0/8)" hits="0" number="88">
       <conditions>
        <condition coverage="0%" number="0" type="jump"/>
       </conditions>
      </line>
      <line branch="true" condition-coverage="0% (0/8)" hits="0" number="89">
       <conditions>
        <condition coverage="0%" number="0" type="jump"/>
       </conditions>
      </line>
      <line branch="true" condition-coverage="0% (0/8)" hits="0" number="90">
       <conditions>
        <condition coverage="0%" number="0" type="jump"/>
       </conditions>
      </line>
      <line branch="true" condition-coverage="0% (0/8)" hits="0" number="91">
       <conditions>
        <condition coverage="0%" number="0" type="jump"/>
       </conditions>
      </line>
      <line branch="true" condition-coverage="0% (0/8)" hits="0" number="92">
       <conditions>
        <condition coverage="0%" number="0" type="jump"/>
       </conditions>
      </line>
      <line branch="true" condition-coverage="0% (0/8)" hits="0" number="93">
       <conditions>
        <condition coverage="0%" number="0" type="jump"/>
       </conditions>
      </line>
      <line branch="true" condition-coverage="0% (0/8)" hits="0" number="94">
       <conditions>
        <condition coverage="0%" number="0" type="jump"/>
       </conditions>
      </line>
      <line branch="true" condition-coverage="0% (0/8)" hits="0" number="95">
       <conditions>
        <condition coverage="0%" number="0" type="jump"/>
       </conditions>
      </line>
      <line branch="true" condition-coverage="0% (0/4)" hits="0" number="96">
       <conditions>
        <condition coverage="0%" number="0" type="jump"/>
       </conditions>
      </line>
      <line branch="true" condition-coverage="0% (0/8)" hits="0" number="97">
       <conditions>
        <condition coverage="0%" number="0" type="jump"/>
       </conditions>
      </line>
      <line branch="true" condition-coverage="0% (0/4)" hits="0" number="98">
       <conditions>
        <condition coverage="0%" number="0" type="jump"/>
       </conditions>
      </line>
      <line branch="true" condition-coverage="0% (0/8)" hits="0" number="99">
       <conditions>
        <condition coverage="0%" number="0" type="jump"/>
       </conditions>
      </line>
      <line branch="false" hits="0" number="102"/>
      <line branch="false" hits="96" number="107"/>
      <line branch="true" condition-coverage="87% (7/8)" hits="96"
       number="108">
       <conditions>
        <condition coverage="87%" number="0" type="jump"/>
       </conditions>
      </line>
      <line branch="false" hits="108" number="111"/>
      <line branch="true" condition-coverage="100% (4/4)" hits="108"
       number="112">
       <conditions>
        <condition coverage="100%" number="0" type="jump"/>
       </conditions>
      </line>
      <line branch="false" hits="96" number="115"/>
      <line branch="true" condition-coverage="75% (3/4)" hits="96"
       number="116">
       <conditions>
        <condition coverage="75%" number="0" type="jump"/>
       </conditions>
      </line>
      <line branch="false" hits="72" number="119"/>
      <line branch="true" condition-coverage="100% (4/4)" hits="72"
       number="120">
       <conditions>
        <condition coverage="100%" number="0" type="jump"/>
       </conditions>
      </line>
      <line branch="false" hits="50" number="123"/>
      <line branch="true" condition-coverage="100% (4/4)" hits="50"
       number="124">
       <conditions>
        <condition coverage="100%" number="0" type="jump"/>
       </conditions>
      </line>
      <line branch="false" hits="36" number="127"/>
      <line branch="true" condition-coverage="100% (4/4)" hits="36"
       number="128">
       <conditions>
        <condition coverage="100%" number="0" type="jump"/>
       </conditions>
      </line>
      <line branch="false" hits="0" number="131"/>
      <line branch="true" condition-coverage="0% (0/4)" hits="0" number="132">
       <conditions>
        <condition coverage="0%" number="0" type="jump"/>
       </conditions>
      </line>
      <line branch="false" hits="0" number="133"/>
      <line branch="false" hits="0" number="136"/>
      <line branch="true" condition-coverage="0% (0/4)" hits="0" number="137">
       <conditions>
        <condition coverage="0%" number="0" type="jump"/>
       </conditions>
      </line>
      <line branch="false" hits="0" number="138"/>
      <line branch="false" hits="0" number="143"/>
      <line branch="false" hits="6" number="160"/>
      <line branch="true" condition-coverage="50% (1/2)" hits="6"
       number="161">
       <conditions>
        <condition coverage="50%" number="0" type="jump"/>
       </conditions>
      </line>
      <line branch="true" condition-coverage="50% (1/2)" hits="6"
       number="162">
       <conditions>
        <condition coverage="50%" number="0" type="jump"/>
       </conditions>
      </line>
      <line branch="true" condition-coverage="50% (1/2)" hits="6"
       number="163">
       <conditions>
        <condition coverage="50%" number="0" type="jump"/>
       </conditions>
      </line>
      <line branch="true" condition-coverage="0% (0/2)" hits="0" number="164">
       <conditions>
        <condition coverage="0%" number="0" type="jump"/>
       </conditions>
      </line>
      <line branch="true" condition-coverage="0% (0/2)" hits="0" number="165">
       <conditions>
        <condition coverage="0%" number="0" type="jump"/>
       </conditions>
      </line>
      <line branch="true" condition-coverage="50% (2/4)" hits="6"
       number="168">
       <conditions>
        <condition coverage="50%" number="0" type="jump"/>
       </conditions>
      </line>
      <line branch="true" condition-coverage="50% (1/2)" hits="6"
       number="169">
       <conditions>
        <condition coverage="50%" number="0" type="jump"/>
       </conditions>
      </line>
      <line branch="false" hits="6" number="172"/>
      <line branch="false" hits="1" number="176"/>
      <line branch="true" condition-coverage="50% (1/2)" hits="1"
       number="178">
       <conditions>
        <condition coverage="50%" number="0" type="jump"/>
       </conditions>
      </line>
      <line branch="false" hits="1" number="179"/>
      <line branch="false" hits="2" number="183"/>
      <line branch="false" hits="2" number="184"/>
      <line branch="false" hits="0" number="187"/>
      <line branch="false" hits="0" number="188"/>
      <line branch="false" hits="3" number="191"/>
      <line branch="false" hits="3" number="192"/>
      <line branch="false" hits="1" number="195"/>
      <line branch="false" hits="1" number="196"/>
      <line branch="false" hits="1" number="199"/>
      <line branch="true" condition-coverage="50% (2/4)" hits="1"
       number="201">
       <conditions>
        <condition coverage="50%" number="0" type="jump"/>
       </conditions>
      </line>
      <line branch="false" hits="1" number="204"/>
      <line branch="true" condition-coverage="50% (2/4)" hits="1"
       number="206">
       <conditions>
        <condition coverage="50%" number="0" type="jump"/>
       </conditions>
      </line>
      <line branch="false" hits="1" number="209"/>
      <line branch="false" hits="1" number="210"/>
      <line branch="false" hits="0" number="213"/>
      <line branch="false" hits="0" number="214"/>
      <line branch="false" hits="1" number="218"/>
      <line branch="false" hits="1" number="219"/>
      <line branch="false" hits="4" number="222"/>
      <line branch="true" condition-coverage="100% (2/2)" hits="4"
       number="224">
       <conditions>
        <condition coverage="100%" number="0" type="jump"/>
       </conditions>
      </line>
      <line branch="false" hits="1" number="225"/>
      <line branch="false" hits="1" number="227"/>
      <line branch="false" hits="1" number="228"/>
      <line branch="false" hits="1" number="229"/>
      <line branch="false" hits="1" number="230"/>
      <line branch="true" condition-coverage="100% (2/2)" hits="39"
       number="232">
       <conditions>
        <condition coverage="100%" number="0" type="jump"/>
       </conditions>
      </line>
      <line branch="true" condition-coverage="100% (2/2)" hits="38"
       number="233">
       <conditions>
        <condition coverage="100%" number="0" type="jump"/>
       </conditions>
      </line>
      <line branch="true" condition-coverage="100% (2/2)" hits="10"
       number="234">
       <conditions>
        <condition coverage="100%" number="0" type="jump"/>
       </conditions>
      </line>
      <line branch="false" hits="5" number="235"/>
      <line branch="false" hits="5" number="236"/>
      <line branch="false" hits="28" number="239"/>
      <line branch="false" hits="28" number="240"/>
      <line branch="false" hits="1" number="244"/>
      <line branch="false" hits="1" number="245"/>
      <line branch="false" hits="1" number="247"/>
      <line branch="false" hits="1" number="248"/>
      <line branch="false" hits="1" number="249"/>
      <line branch="true" condition-coverage="100% (2/2)" hits="19"
       number="251">
       <conditions>
        <condition coverage="100%" number="0" type="jump"/>
       </conditions>
      </line>
      <line branch="true" condition-coverage="100% (2/2)" hits="18"
       number="252">
       <conditions>
        <condition coverage="100%" number="0" type="jump"/>
       </conditions>
      </line>
      <line branch="false" hits="15" number="253"/>
      <line branch="false" hits="1" number="256"/>
      <line branch="false" hits="1" number="257"/>
      <line branch="false" hits="1" number="260"/>
      <line branch="false" hits="1" number="262"/>
      <line branch="false" hits="1" number="265"/>
      <line branch="false" hits="1" number="266"/>
      <line branch="true" condition-coverage="100% (2/2)" hits="11"
       number="267">
       <conditions>
        <condition coverage="100%" number="0" type="jump"/>
       </conditions>
      </line>
      <line branch="true" condition-coverage="100% (6/6)" hits="34"
       number="268">
       <conditions>
        <condition coverage="100%" number="0" type="jump"/>
       </conditions>
      </line>
      <line branch="false" hits="5" number="269"/>
      <line branch="false" hits="5" number="270"/>
      <line branch="false" hits="1" number="274"/>
      <line branch="false" hits="1" number="275"/>
      <line branch="false" hits="1" number="276"/>
      <line branch="true" condition-coverage="100% (2/2)" hits="11"
       number="277">
       <conditions>
        <condition coverage="100%" number="0" type="jump"/>
       </conditions>
      </line>
      <line branch="false" hits="5" number="278"/>
      <line branch="true" condition-coverage="100% (6/6)" hits="63"
       number="279">
       <conditions>
        <condition coverage="100%" number="0" type="jump"/>
       </conditions>
      </line>
      <line branch="false" hits="29" number="280"/>
      <line branch="false" hits="29" number="281"/>
      <line branch="false" hits="5" number="283"/>
      <line branch="false" hits="5" number="284"/>
      <line branch="false" hits="1" number="287"/>
      <line branch="false" hits="1" number="294"/>
      <line branch="false" hits="4" number="297"/>
      <line branch="false" hits="4" number="298"/>
      <line branch="true" condition-coverage="0% (0/4)" hits="4" number="299">
       <conditions>
        <condition coverage="0%" number="0" type="jump"/>
       </conditions>
      </line>
      <line branch="false" hits="4" number="300"/>
      <line branch="false" hits="1" number="304"/>
      <line branch="true" condition-coverage="16% (1/6)" hits="2"
       number="305">
       <conditions>
        <condition coverage="16%" number="0" type="jump"/>
       </conditions>
      </line>
      <line branch="true" condition-coverage="16% (2/12)" hits="1"
       number="306">
       <conditions>
        <condition coverage="16%" number="0" type="jump"/>
       </conditions>
      </line>
      <line branch="true" condition-coverage="16% (1/6)" hits="2"
       number="307">
       <conditions>
        <condition coverage="16%" number="0" type="jump"/>
       </conditions>
      </line>
      <line branch="false" hits="1" number="324"/>
      <line branch="true" condition-coverage="16% (1/6)" hits="1"
       number="325">
       <conditions>
        <condition coverage="16%" number="0" type="jump"/>
       </conditions>
      </line>
     </lines>
    </class>
    <class branch-rate="0.0" complexity="0.0" filename="tools/unit_tests.h"
     line-rate="0.0" name="unit_tests_h">
     <methods/>
     <lines>
      <line branch="false" hits="0" number="60"/>
      <line branch="false" hits="0" number="63"/>
     </lines>
    </class>
    <class branch-rate="0.357142857143" complexity="0.0"
     filename="tools/vector.h" line-rate="1.0" name="vector_h">
     <methods/>
     <lines>
      <line branch="true" condition-coverage="25% (2/8)" hits="1" number="40">
       <conditions>
        <condition coverage="25%" number="0" type="jump"/>
       </conditions>
      </line>
      <line branch="false" hits="1" number="74"/>
      <line branch="false" hits="1" number="75"/>
      <line branch="false" hits="1" number="44"/>
      <line branch="false" hits="20" number="58"/>
      <line branch="true" condition-coverage="50% (3/6)" hits="20"
       number="59">
       <conditions>
        <condition coverage="50%" number="0" type="jump"/>
       </conditions>
      </line>
      <line branch="false" hits="20" number="60"/>
     </lines>
    </class>
   </classes>
  </package>
 </packages>
</coverage>

